[2025-11-14T22:09:37.743182] Guardian started
[2025-11-14T22:11:58.436063] Guardian shutdown
[2025-11-14T22:14:44.351728] STARTUP: Guardian initialized
[2025-11-14T22:15:49.685966] WIDGET_ENABLED: file_integrity
[2025-11-14T22:16:04.675021] WIDGET_ENABLED: process_monitor
[2025-11-14T22:16:22.456379] SHUTDOWN: Guardian graceful exit
[2025-11-14T22:31:23.073591] STARTUP: Guardian v0.2 initialized
[2025-11-14T22:34:53.669406] WIDGET_ENABLED: file_integrity
[2025-11-14T22:35:17.615985] WIDGET_ENABLED: process_monitor
[2025-11-14T22:35:24.967381] WIDGET_ENABLED: network_sniffer
[2025-11-14T22:35:49.652682] SHUTDOWN: Guardian graceful exit
[2025-11-14T22:37:25.598224] STARTUP: Guardian v0.2 initialized
[2025-11-14T22:40:29.116387] STARTUP: Guardian v0.2.1 initialized
[2025-11-14T22:40:36.630098] WIDGET_ENABLED: file_integrity
[2025-11-14T22:41:06.633218] WIDGET_ENABLED: process_monitor
[2025-11-14T22:41:17.422699] WIDGET_ENABLED: network_sniffer
[2025-11-14T22:41:59.960485] WIDGET_DISABLED: file_integrity
[2025-11-14T22:41:59.960485] SHUTDOWN: Guardian graceful exit
[2025-11-14T22:53:08.257088] STARTUP: Guardian v0.3 initialized
[2025-11-14T22:53:18.433098] WIDGET_ENABLED: file_integrity
[2025-11-14T22:53:25.697105] WIDGET_ENABLED: process_monitor
[2025-11-14T22:53:38.604324] WIDGET_ENABLED: network_sniffer
[2025-11-14T22:54:03.689306] WIDGET_DISABLED: file_integrity
[2025-11-14T22:54:03.765070] WIDGET_DISABLED: process_monitor
[2025-11-14T22:54:05.270938] WIDGET_DISABLED: network_sniffer
[2025-11-14T22:54:05.270938] SHUTDOWN: Guardian graceful exit
[2025-11-14T23:03:15.801196] STARTUP: Guardian v0.3 initialized
[2025-11-14T23:03:58.431918] WIDGET_ENABLED: file_integrity
[2025-11-14T23:04:08.634084] WIDGET_ENABLED: process_monitor
[2025-11-14T23:04:18.288225] WIDGET_ENABLED: network_sniffer
